::1 - - [26/May/2020:09:51:21 +0000] "GET / HTTP/1.1" 500 - "http://localhost:3000/products" "Mozilla/5.0 (Windows NT 10.0; Win64; x64) AppleWebKit/537.36 (KHTML, like Gecko) Chrome/83.0.4103.61 Safari/537.36"
::1 - - [26/May/2020:09:59:23 +0000] "GET / HTTP/1.1" 500 - "-" "Mozilla/5.0 (Windows NT 10.0; Win64; x64) AppleWebKit/537.36 (KHTML, like Gecko) Chrome/83.0.4103.61 Safari/537.36"
::1 - - [26/May/2020:09:59:44 +0000] "GET / HTTP/1.1" 500 - "-" "Mozilla/5.0 (Windows NT 10.0; Win64; x64) AppleWebKit/537.36 (KHTML, like Gecko) Chrome/83.0.4103.61 Safari/537.36"
::1 - - [26/May/2020:10:01:07 +0000] "GET / HTTP/1.1" - - "-" "Mozilla/5.0 (Windows NT 10.0; Win64; x64) AppleWebKit/537.36 (KHTML, like Gecko) Chrome/83.0.4103.61 Safari/537.36"
::1 - - [26/May/2020:10:01:18 +0000] "GET /products HTTP/1.1" - - "-" "Mozilla/5.0 (Windows NT 10.0; Win64; x64) AppleWebKit/537.36 (KHTML, like Gecko) Chrome/83.0.4103.61 Safari/537.36"
::1 - - [26/May/2020:11:48:57 +0000] "GET / HTTP/1.1" - - "-" "Mozilla/5.0 (Windows NT 10.0; Win64; x64) AppleWebKit/537.36 (KHTML, like Gecko) Chrome/83.0.4103.61 Safari/537.36"
::1 - - [26/May/2020:11:49:14 +0000] "GET / HTTP/1.1" - - "-" "Mozilla/5.0 (Windows NT 10.0; Win64; x64) AppleWebKit/537.36 (KHTML, like Gecko) Chrome/83.0.4103.61 Safari/537.36"
::1 - - [26/May/2020:11:49:41 +0000] "GET / HTTP/1.1" - - "-" "Mozilla/5.0 (Windows NT 10.0; Win64; x64) AppleWebKit/537.36 (KHTML, like Gecko) Chrome/83.0.4103.61 Safari/537.36"
::1 - - [26/May/2020:11:49:57 +0000] "GET /products HTTP/1.1" - - "-" "Mozilla/5.0 (Windows NT 10.0; Win64; x64) AppleWebKit/537.36 (KHTML, like Gecko) Chrome/83.0.4103.61 Safari/537.36"
::1 - - [26/May/2020:11:50:24 +0000] "GET /shop/index HTTP/1.1" - - "-" "Mozilla/5.0 (Windows NT 10.0; Win64; x64) AppleWebKit/537.36 (KHTML, like Gecko) Chrome/83.0.4103.61 Safari/537.36"
::1 - - [26/May/2020:11:50:42 +0000] "GET /products HTTP/1.1" - - "-" "Mozilla/5.0 (Windows NT 10.0; Win64; x64) AppleWebKit/537.36 (KHTML, like Gecko) Chrome/83.0.4103.61 Safari/537.36"
::1 - - [26/May/2020:12:14:07 +0000] "GET /api/products/ HTTP/1.1" - - "http://localhost:4200/" "Mozilla/5.0 (Windows NT 10.0; Win64; x64) AppleWebKit/537.36 (KHTML, like Gecko) Chrome/83.0.4103.61 Safari/537.36"
::1 - - [26/May/2020:12:16:08 +0000] "GET /api/products/ HTTP/1.1" - - "http://localhost:4200/" "Mozilla/5.0 (Windows NT 10.0; Win64; x64) AppleWebKit/537.36 (KHTML, like Gecko) Chrome/83.0.4103.61 Safari/537.36"
::1 - - [26/May/2020:12:17:46 +0000] "GET /products HTTP/1.1" 500 39 "http://localhost:4200/" "Mozilla/5.0 (Windows NT 10.0; Win64; x64) AppleWebKit/537.36 (KHTML, like Gecko) Chrome/83.0.4103.61 Safari/537.36"
::1 - - [26/May/2020:12:18:17 +0000] "GET /products HTTP/1.1" 500 39 "http://localhost:4200/products" "Mozilla/5.0 (Windows NT 10.0; Win64; x64) AppleWebKit/537.36 (KHTML, like Gecko) Chrome/83.0.4103.61 Safari/537.36"
::1 - - [26/May/2020:12:18:44 +0000] "GET /products HTTP/1.1" 500 39 "http://localhost:4200/products" "Mozilla/5.0 (Windows NT 10.0; Win64; x64) AppleWebKit/537.36 (KHTML, like Gecko) Chrome/83.0.4103.61 Safari/537.36"
::1 - - [26/May/2020:12:18:59 +0000] "GET /products HTTP/1.1" 500 39 "http://localhost:4200/products" "Mozilla/5.0 (Windows NT 10.0; Win64; x64) AppleWebKit/537.36 (KHTML, like Gecko) Chrome/83.0.4103.61 Safari/537.36"
::1 - - [26/May/2020:12:19:58 +0000] "GET /products HTTP/1.1" 500 39 "http://localhost:4200/products" "Mozilla/5.0 (Windows NT 10.0; Win64; x64) AppleWebKit/537.36 (KHTML, like Gecko) Chrome/83.0.4103.61 Safari/537.36"
::1 - - [26/May/2020:12:20:13 +0000] "GET /products HTTP/1.1" 500 39 "http://localhost:4200/products" "Mozilla/5.0 (Windows NT 10.0; Win64; x64) AppleWebKit/537.36 (KHTML, like Gecko) Chrome/83.0.4103.61 Safari/537.36"
::1 - - [26/May/2020:12:20:53 +0000] "GET /products HTTP/1.1" 500 39 "http://localhost:4200/products" "Mozilla/5.0 (Windows NT 10.0; Win64; x64) AppleWebKit/537.36 (KHTML, like Gecko) Chrome/83.0.4103.61 Safari/537.36"
::1 - - [26/May/2020:12:23:30 +0000] "GET /products HTTP/1.1" 200 829 "http://localhost:4200/products" "Mozilla/5.0 (Windows NT 10.0; Win64; x64) AppleWebKit/537.36 (KHTML, like Gecko) Chrome/83.0.4103.61 Safari/537.36"
::1 - - [26/May/2020:12:24:01 +0000] "GET /products HTTP/1.1" 304 - "http://localhost:4200/products" "Mozilla/5.0 (Windows NT 10.0; Win64; x64) AppleWebKit/537.36 (KHTML, like Gecko) Chrome/83.0.4103.61 Safari/537.36"
::1 - - [26/May/2020:12:24:10 +0000] "GET /products HTTP/1.1" 304 - "http://localhost:4200/products" "Mozilla/5.0 (Windows NT 10.0; Win64; x64) AppleWebKit/537.36 (KHTML, like Gecko) Chrome/83.0.4103.61 Safari/537.36"
::1 - - [26/May/2020:12:27:04 +0000] "GET /products HTTP/1.1" 304 - "http://localhost:4200/products" "Mozilla/5.0 (Windows NT 10.0; Win64; x64) AppleWebKit/537.36 (KHTML, like Gecko) Chrome/83.0.4103.61 Safari/537.36"
::1 - - [26/May/2020:12:30:03 +0000] "GET /api/products/ HTTP/1.1" - - "http://localhost:4200/products" "Mozilla/5.0 (Windows NT 10.0; Win64; x64) AppleWebKit/537.36 (KHTML, like Gecko) Chrome/83.0.4103.61 Safari/537.36"
::1 - - [26/May/2020:12:30:04 +0000] "GET /products HTTP/1.1" 304 - "http://localhost:4200/products" "Mozilla/5.0 (Windows NT 10.0; Win64; x64) AppleWebKit/537.36 (KHTML, like Gecko) Chrome/83.0.4103.61 Safari/537.36"
::1 - - [26/May/2020:12:30:25 +0000] "GET /products?pagesize=undefined&page=undefined HTTP/1.1" 200 829 "http://localhost:4200/products" "Mozilla/5.0 (Windows NT 10.0; Win64; x64) AppleWebKit/537.36 (KHTML, like Gecko) Chrome/83.0.4103.61 Safari/537.36"
::1 - - [26/May/2020:12:30:41 +0000] "GET /products?pagesize=2&page=1 HTTP/1.1" 200 829 "http://localhost:4200/products" "Mozilla/5.0 (Windows NT 10.0; Win64; x64) AppleWebKit/537.36 (KHTML, like Gecko) Chrome/83.0.4103.61 Safari/537.36"
::1 - - [26/May/2020:12:31:40 +0000] "GET /products?pagesize=2&page=1 HTTP/1.1" 200 451 "http://localhost:4200/products" "Mozilla/5.0 (Windows NT 10.0; Win64; x64) AppleWebKit/537.36 (KHTML, like Gecko) Chrome/83.0.4103.61 Safari/537.36"
::1 - - [26/May/2020:12:32:21 +0000] "GET /products?pagesize=2&page=1 HTTP/1.1" 304 - "http://localhost:4200/products" "Mozilla/5.0 (Windows NT 10.0; Win64; x64) AppleWebKit/537.36 (KHTML, like Gecko) Chrome/83.0.4103.61 Safari/537.36"
::1 - - [26/May/2020:12:32:22 +0000] "GET /products?pagesize=2&page=2 HTTP/1.1" 200 450 "http://localhost:4200/products" "Mozilla/5.0 (Windows NT 10.0; Win64; x64) AppleWebKit/537.36 (KHTML, like Gecko) Chrome/83.0.4103.61 Safari/537.36"
::1 - - [26/May/2020:12:32:23 +0000] "GET /products?pagesize=2&page=1 HTTP/1.1" 304 - "http://localhost:4200/products" "Mozilla/5.0 (Windows NT 10.0; Win64; x64) AppleWebKit/537.36 (KHTML, like Gecko) Chrome/83.0.4103.61 Safari/537.36"
::1 - - [26/May/2020:12:32:24 +0000] "GET /products?pagesize=2&page=2 HTTP/1.1" 304 - "http://localhost:4200/products" "Mozilla/5.0 (Windows NT 10.0; Win64; x64) AppleWebKit/537.36 (KHTML, like Gecko) Chrome/83.0.4103.61 Safari/537.36"
::1 - - [26/May/2020:12:32:25 +0000] "GET /products?pagesize=2&page=1 HTTP/1.1" 304 - "http://localhost:4200/products" "Mozilla/5.0 (Windows NT 10.0; Win64; x64) AppleWebKit/537.36 (KHTML, like Gecko) Chrome/83.0.4103.61 Safari/537.36"
::1 - - [26/May/2020:12:32:26 +0000] "GET /products?pagesize=2&page=2 HTTP/1.1" 304 - "http://localhost:4200/products" "Mozilla/5.0 (Windows NT 10.0; Win64; x64) AppleWebKit/537.36 (KHTML, like Gecko) Chrome/83.0.4103.61 Safari/537.36"
::1 - - [26/May/2020:12:32:27 +0000] "GET /products?pagesize=2&page=1 HTTP/1.1" 304 - "http://localhost:4200/products" "Mozilla/5.0 (Windows NT 10.0; Win64; x64) AppleWebKit/537.36 (KHTML, like Gecko) Chrome/83.0.4103.61 Safari/537.36"
::1 - - [26/May/2020:12:33:00 +0000] "GET /products?pagesize=2&page=1 HTTP/1.1" 304 - "http://localhost:4200/products" "Mozilla/5.0 (Windows NT 10.0; Win64; x64) AppleWebKit/537.36 (KHTML, like Gecko) Chrome/83.0.4103.61 Safari/537.36"
::1 - - [26/May/2020:12:33:02 +0000] "GET /products?pagesize=2&page=2 HTTP/1.1" 304 - "http://localhost:4200/products" "Mozilla/5.0 (Windows NT 10.0; Win64; x64) AppleWebKit/537.36 (KHTML, like Gecko) Chrome/83.0.4103.61 Safari/537.36"
::1 - - [26/May/2020:12:33:03 +0000] "GET /products?pagesize=2&page=1 HTTP/1.1" 304 - "http://localhost:4200/products" "Mozilla/5.0 (Windows NT 10.0; Win64; x64) AppleWebKit/537.36 (KHTML, like Gecko) Chrome/83.0.4103.61 Safari/537.36"
::1 - - [26/May/2020:12:33:04 +0000] "GET /products?pagesize=2&page=2 HTTP/1.1" 304 - "http://localhost:4200/products" "Mozilla/5.0 (Windows NT 10.0; Win64; x64) AppleWebKit/537.36 (KHTML, like Gecko) Chrome/83.0.4103.61 Safari/537.36"
::1 - - [26/May/2020:12:33:05 +0000] "GET /products?pagesize=2&page=1 HTTP/1.1" 304 - "http://localhost:4200/products" "Mozilla/5.0 (Windows NT 10.0; Win64; x64) AppleWebKit/537.36 (KHTML, like Gecko) Chrome/83.0.4103.61 Safari/537.36"
::1 - - [26/May/2020:12:33:05 +0000] "GET /products?pagesize=2&page=2 HTTP/1.1" 304 - "http://localhost:4200/products" "Mozilla/5.0 (Windows NT 10.0; Win64; x64) AppleWebKit/537.36 (KHTML, like Gecko) Chrome/83.0.4103.61 Safari/537.36"
::1 - - [26/May/2020:12:33:06 +0000] "GET /products?pagesize=2&page=1 HTTP/1.1" 304 - "http://localhost:4200/products" "Mozilla/5.0 (Windows NT 10.0; Win64; x64) AppleWebKit/537.36 (KHTML, like Gecko) Chrome/83.0.4103.61 Safari/537.36"
::1 - - [26/May/2020:12:33:56 +0000] "GET /products?pagesize=2&page=1 HTTP/1.1" 304 - "http://localhost:4200/products" "Mozilla/5.0 (Windows NT 10.0; Win64; x64) AppleWebKit/537.36 (KHTML, like Gecko) Chrome/83.0.4103.61 Safari/537.36"
::1 - - [26/May/2020:12:34:03 +0000] "GET /products?pagesize=2&page=1 HTTP/1.1" 304 - "http://localhost:4200/products" "Mozilla/5.0 (Windows NT 10.0; Win64; x64) AppleWebKit/537.36 (KHTML, like Gecko) Chrome/83.0.4103.61 Safari/537.36"
::1 - - [26/May/2020:12:34:04 +0000] "GET /products?pagesize=2&page=2 HTTP/1.1" 304 - "http://localhost:4200/products" "Mozilla/5.0 (Windows NT 10.0; Win64; x64) AppleWebKit/537.36 (KHTML, like Gecko) Chrome/83.0.4103.61 Safari/537.36"
::1 - - [26/May/2020:12:34:05 +0000] "GET /products?pagesize=2&page=1 HTTP/1.1" 304 - "http://localhost:4200/products" "Mozilla/5.0 (Windows NT 10.0; Win64; x64) AppleWebKit/537.36 (KHTML, like Gecko) Chrome/83.0.4103.61 Safari/537.36"
::1 - - [26/May/2020:12:34:06 +0000] "GET /products?pagesize=2&page=2 HTTP/1.1" 304 - "http://localhost:4200/products" "Mozilla/5.0 (Windows NT 10.0; Win64; x64) AppleWebKit/537.36 (KHTML, like Gecko) Chrome/83.0.4103.61 Safari/537.36"
::1 - - [26/May/2020:12:34:07 +0000] "GET /products?pagesize=2&page=1 HTTP/1.1" 304 - "http://localhost:4200/products" "Mozilla/5.0 (Windows NT 10.0; Win64; x64) AppleWebKit/537.36 (KHTML, like Gecko) Chrome/83.0.4103.61 Safari/537.36"
::1 - - [26/May/2020:12:34:08 +0000] "GET /products?pagesize=2&page=1 HTTP/1.1" 304 - "http://localhost:4200/" "Mozilla/5.0 (Windows NT 10.0; Win64; x64) AppleWebKit/537.36 (KHTML, like Gecko) Chrome/83.0.4103.61 Safari/537.36"
::1 - - [26/May/2020:12:34:08 +0000] "GET /products?pagesize=2&page=1 HTTP/1.1" 304 - "http://localhost:4200/products" "Mozilla/5.0 (Windows NT 10.0; Win64; x64) AppleWebKit/537.36 (KHTML, like Gecko) Chrome/83.0.4103.61 Safari/537.36"
::1 - - [26/May/2020:12:34:09 +0000] "GET /products?pagesize=2&page=1 HTTP/1.1" 304 - "http://localhost:4200/" "Mozilla/5.0 (Windows NT 10.0; Win64; x64) AppleWebKit/537.36 (KHTML, like Gecko) Chrome/83.0.4103.61 Safari/537.36"
::1 - - [26/May/2020:12:34:10 +0000] "GET /products?pagesize=2&page=1 HTTP/1.1" 304 - "http://localhost:4200/products" "Mozilla/5.0 (Windows NT 10.0; Win64; x64) AppleWebKit/537.36 (KHTML, like Gecko) Chrome/83.0.4103.61 Safari/537.36"
::1 - - [26/May/2020:12:34:11 +0000] "GET /products?pagesize=2&page=1 HTTP/1.1" 304 - "http://localhost:4200/" "Mozilla/5.0 (Windows NT 10.0; Win64; x64) AppleWebKit/537.36 (KHTML, like Gecko) Chrome/83.0.4103.61 Safari/537.36"
::1 - - [26/May/2020:12:34:11 +0000] "GET /products?pagesize=2&page=1 HTTP/1.1" 304 - "http://localhost:4200/products" "Mozilla/5.0 (Windows NT 10.0; Win64; x64) AppleWebKit/537.36 (KHTML, like Gecko) Chrome/83.0.4103.61 Safari/537.36"
::1 - - [26/May/2020:12:35:06 +0000] "GET /products?pagesize=2&page=1 HTTP/1.1" 304 - "http://localhost:4200/products" "Mozilla/5.0 (Windows NT 10.0; Win64; x64) AppleWebKit/537.36 (KHTML, like Gecko) Chrome/83.0.4103.61 Safari/537.36"
::1 - - [26/May/2020:12:47:59 +0000] "GET /products?pagesize=2&page=1 HTTP/1.1" 304 - "http://localhost:4200/products" "Mozilla/5.0 (Windows NT 10.0; Win64; x64) AppleWebKit/537.36 (KHTML, like Gecko) Chrome/83.0.4103.61 Safari/537.36"
::1 - - [26/May/2020:12:47:59 +0000] "GET /images/1570539412784-book.jpg HTTP/1.1" 304 - "http://localhost:4200/products" "Mozilla/5.0 (Windows NT 10.0; Win64; x64) AppleWebKit/537.36 (KHTML, like Gecko) Chrome/83.0.4103.61 Safari/537.36"
::1 - - [26/May/2020:12:50:42 +0000] "GET /products?pagesize=2&page=1 HTTP/1.1" 304 - "http://localhost:4200/products" "Mozilla/5.0 (Windows NT 10.0; Win64; x64) AppleWebKit/537.36 (KHTML, like Gecko) Chrome/83.0.4103.61 Safari/537.36"
::1 - - [26/May/2020:12:50:42 +0000] "GET /images/1570539412784-book.jpg HTTP/1.1" 304 - "http://localhost:4200/products" "Mozilla/5.0 (Windows NT 10.0; Win64; x64) AppleWebKit/537.36 (KHTML, like Gecko) Chrome/83.0.4103.61 Safari/537.36"
::1 - - [26/May/2020:12:51:11 +0000] "GET /products?pagesize=2&page=1 HTTP/1.1" 304 - "http://localhost:4200/products" "Mozilla/5.0 (Windows NT 10.0; Win64; x64) AppleWebKit/537.36 (KHTML, like Gecko) Chrome/83.0.4103.61 Safari/537.36"
::1 - - [26/May/2020:12:51:11 +0000] "GET /images/1570539412784-book.jpg HTTP/1.1" 304 - "http://localhost:4200/products" "Mozilla/5.0 (Windows NT 10.0; Win64; x64) AppleWebKit/537.36 (KHTML, like Gecko) Chrome/83.0.4103.61 Safari/537.36"
::1 - - [26/May/2020:12:51:11 +0000] "GET /images/1570539422917-book.jpg HTTP/1.1" 304 - "http://localhost:4200/products" "Mozilla/5.0 (Windows NT 10.0; Win64; x64) AppleWebKit/537.36 (KHTML, like Gecko) Chrome/83.0.4103.61 Safari/537.36"
::1 - - [26/May/2020:12:51:13 +0000] "GET /products?pagesize=2&page=2 HTTP/1.1" 304 - "http://localhost:4200/products" "Mozilla/5.0 (Windows NT 10.0; Win64; x64) AppleWebKit/537.36 (KHTML, like Gecko) Chrome/83.0.4103.61 Safari/537.36"
::1 - - [26/May/2020:12:51:13 +0000] "GET /images/1570539435127-book.jpg HTTP/1.1" 200 41471 "http://localhost:4200/products" "Mozilla/5.0 (Windows NT 10.0; Win64; x64) AppleWebKit/537.36 (KHTML, like Gecko) Chrome/83.0.4103.61 Safari/537.36"
::1 - - [26/May/2020:12:51:13 +0000] "GET /images/1570539445301-book.jpg HTTP/1.1" 200 41471 "http://localhost:4200/products" "Mozilla/5.0 (Windows NT 10.0; Win64; x64) AppleWebKit/537.36 (KHTML, like Gecko) Chrome/83.0.4103.61 Safari/537.36"
::1 - - [26/May/2020:12:51:14 +0000] "GET /products?pagesize=2&page=1 HTTP/1.1" 304 - "http://localhost:4200/products" "Mozilla/5.0 (Windows NT 10.0; Win64; x64) AppleWebKit/537.36 (KHTML, like Gecko) Chrome/83.0.4103.61 Safari/537.36"
::1 - - [26/May/2020:12:54:52 +0000] "GET /products?pagesize=2&page=1 HTTP/1.1" 304 - "http://localhost:4200/products" "Mozilla/5.0 (Windows NT 10.0; Win64; x64) AppleWebKit/537.36 (KHTML, like Gecko) Chrome/83.0.4103.61 Safari/537.36"
::1 - - [26/May/2020:12:54:52 +0000] "GET /images/1570539412784-book.jpg HTTP/1.1" 304 - "http://localhost:4200/products" "Mozilla/5.0 (Windows NT 10.0; Win64; x64) AppleWebKit/537.36 (KHTML, like Gecko) Chrome/83.0.4103.61 Safari/537.36"
::1 - - [26/May/2020:12:54:52 +0000] "GET /images/1570539422917-book.jpg HTTP/1.1" 304 - "http://localhost:4200/products" "Mozilla/5.0 (Windows NT 10.0; Win64; x64) AppleWebKit/537.36 (KHTML, like Gecko) Chrome/83.0.4103.61 Safari/537.36"
